2025-10-02 13:35:20,951 DEBUG    root            Loaded Command Group: ['gcloud', 'components']
2025-10-02 13:35:20,955 DEBUG    root            Loaded Command Group: ['gcloud', 'components', 'update']
2025-10-02 13:35:20,957 DEBUG    root            Running [gcloud.components.update] with arguments: [--compile-python: "True", --quiet: "True", COMPONENT-IDS:6: "['core', 'gcloud-deps', 'bq', 'gcloud', 'gcloud-crc32c', 'gsutil']"]
2025-10-02 13:35:20,958 INFO     ___FILE_ONLY___ Beginning update. This process may take several minutes.

2025-10-02 13:35:20,991 DEBUG    urllib3.connectionpool Starting new HTTPS connection (1): dl.google.com:443
2025-10-02 13:35:22,013 DEBUG    urllib3.connectionpool https://dl.google.com:443 "GET /dl/cloudsdk/channels/rapid/components-2.json HTTP/11" 200 233157
2025-10-02 13:35:22,023 INFO     ___FILE_ONLY___ 

2025-10-02 13:35:22,024 INFO     ___FILE_ONLY___ 
Your current Google Cloud CLI version is: 541.0.0

2025-10-02 13:35:22,024 INFO     ___FILE_ONLY___ Installing components from version: 541.0.0

2025-10-02 13:35:22,024 INFO     ___FILE_ONLY___ 

2025-10-02 13:35:22,024 DEBUG    root            Chosen display Format:table[box,title="These components will be removed."](details.display_name:label=Name:align=left,version.version_string:label=Version:align=right,data.size.size(zero="",min=1048576):label=Size:align=right)
2025-10-02 13:35:22,025 DEBUG    root            Chosen display Format:table[box,title="These components will be updated."](details.display_name:label=Name:align=left,version.version_string:label=Version:align=right,data.size.size(zero="",min=1048576):label=Size:align=right)
2025-10-02 13:35:22,025 DEBUG    root            Chosen display Format:table[box,title="These components will be installed."](details.display_name:label=Name:align=left,version.version_string:label=Version:align=right,data.size.size(zero="",min=1048576):label=Size:align=right)
2025-10-02 13:35:22,068 INFO     ___FILE_ONLY___ ┌─────────────────────────────────────────────────────────────────────────────┐
2025-10-02 13:35:22,068 INFO     ___FILE_ONLY___ 

2025-10-02 13:35:22,068 INFO     ___FILE_ONLY___ │                     These components will be installed.                     │
2025-10-02 13:35:22,068 INFO     ___FILE_ONLY___ 

2025-10-02 13:35:22,068 INFO     ___FILE_ONLY___ ├─────────────────────────────────────────────────────┬────────────┬──────────┤
2025-10-02 13:35:22,068 INFO     ___FILE_ONLY___ 

2025-10-02 13:35:22,068 INFO     ___FILE_ONLY___ │                         Name                        │  Version   │   Size   │
2025-10-02 13:35:22,068 INFO     ___FILE_ONLY___ 

2025-10-02 13:35:22,068 INFO     ___FILE_ONLY___ ├─────────────────────────────────────────────────────┼────────────┼──────────┤
2025-10-02 13:35:22,068 INFO     ___FILE_ONLY___ 

2025-10-02 13:35:22,069 INFO     ___FILE_ONLY___ │ 
2025-10-02 13:35:22,069 INFO     ___FILE_ONLY___ BigQuery Command Line Tool                         
2025-10-02 13:35:22,069 INFO     ___FILE_ONLY___  
2025-10-02 13:35:22,069 INFO     ___FILE_ONLY___ │ 
2025-10-02 13:35:22,069 INFO     ___FILE_ONLY___     2.1.24
2025-10-02 13:35:22,069 INFO     ___FILE_ONLY___  
2025-10-02 13:35:22,069 INFO     ___FILE_ONLY___ │ 
2025-10-02 13:35:22,069 INFO     ___FILE_ONLY___  1.8 MiB
2025-10-02 13:35:22,069 INFO     ___FILE_ONLY___  
2025-10-02 13:35:22,069 INFO     ___FILE_ONLY___ │
2025-10-02 13:35:22,069 INFO     ___FILE_ONLY___ 

2025-10-02 13:35:22,069 INFO     ___FILE_ONLY___ │ 
2025-10-02 13:35:22,069 INFO     ___FILE_ONLY___ BigQuery Command Line Tool (Platform Specific)     
2025-10-02 13:35:22,069 INFO     ___FILE_ONLY___  
2025-10-02 13:35:22,069 INFO     ___FILE_ONLY___ │ 
2025-10-02 13:35:22,069 INFO     ___FILE_ONLY___     2.1.17
2025-10-02 13:35:22,069 INFO     ___FILE_ONLY___  
2025-10-02 13:35:22,069 INFO     ___FILE_ONLY___ │ 
2025-10-02 13:35:22,070 INFO     ___FILE_ONLY___  < 1 MiB
2025-10-02 13:35:22,070 INFO     ___FILE_ONLY___  
2025-10-02 13:35:22,070 INFO     ___FILE_ONLY___ │
2025-10-02 13:35:22,070 INFO     ___FILE_ONLY___ 

2025-10-02 13:35:22,070 INFO     ___FILE_ONLY___ │ 
2025-10-02 13:35:22,070 INFO     ___FILE_ONLY___ Bundled Python 3.12 (Platform Specific)            
2025-10-02 13:35:22,070 INFO     ___FILE_ONLY___  
2025-10-02 13:35:22,070 INFO     ___FILE_ONLY___ │ 
2025-10-02 13:35:22,070 INFO     ___FILE_ONLY___     3.12.9
2025-10-02 13:35:22,070 INFO     ___FILE_ONLY___  
2025-10-02 13:35:22,070 INFO     ___FILE_ONLY___ │ 
2025-10-02 13:35:22,070 INFO     ___FILE_ONLY___ 89.3 MiB
2025-10-02 13:35:22,070 INFO     ___FILE_ONLY___  
2025-10-02 13:35:22,070 INFO     ___FILE_ONLY___ │
2025-10-02 13:35:22,070 INFO     ___FILE_ONLY___ 

2025-10-02 13:35:22,070 INFO     ___FILE_ONLY___ │ 
2025-10-02 13:35:22,070 INFO     ___FILE_ONLY___ Cloud Storage Command Line Tool                    
2025-10-02 13:35:22,070 INFO     ___FILE_ONLY___  
2025-10-02 13:35:22,070 INFO     ___FILE_ONLY___ │ 
2025-10-02 13:35:22,070 INFO     ___FILE_ONLY___       5.35
2025-10-02 13:35:22,070 INFO     ___FILE_ONLY___  
2025-10-02 13:35:22,071 INFO     ___FILE_ONLY___ │ 
2025-10-02 13:35:22,071 INFO     ___FILE_ONLY___ 12.4 MiB
2025-10-02 13:35:22,071 INFO     ___FILE_ONLY___  
2025-10-02 13:35:22,071 INFO     ___FILE_ONLY___ │
2025-10-02 13:35:22,071 INFO     ___FILE_ONLY___ 

2025-10-02 13:35:22,071 INFO     ___FILE_ONLY___ │ 
2025-10-02 13:35:22,071 INFO     ___FILE_ONLY___ Cloud Storage Command Line Tool (Platform Specific)
2025-10-02 13:35:22,071 INFO     ___FILE_ONLY___  
2025-10-02 13:35:22,071 INFO     ___FILE_ONLY___ │ 
2025-10-02 13:35:22,071 INFO     ___FILE_ONLY___       5.34
2025-10-02 13:35:22,071 INFO     ___FILE_ONLY___  
2025-10-02 13:35:22,071 INFO     ___FILE_ONLY___ │ 
2025-10-02 13:35:22,071 INFO     ___FILE_ONLY___  < 1 MiB
2025-10-02 13:35:22,071 INFO     ___FILE_ONLY___  
2025-10-02 13:35:22,071 INFO     ___FILE_ONLY___ │
2025-10-02 13:35:22,071 INFO     ___FILE_ONLY___ 

2025-10-02 13:35:22,071 INFO     ___FILE_ONLY___ │ 
2025-10-02 13:35:22,071 INFO     ___FILE_ONLY___ Google Cloud CLI Core Libraries (Platform Specific)
2025-10-02 13:35:22,072 INFO     ___FILE_ONLY___  
2025-10-02 13:35:22,072 INFO     ___FILE_ONLY___ │ 
2025-10-02 13:35:22,072 INFO     ___FILE_ONLY___ 2025.05.23
2025-10-02 13:35:22,072 INFO     ___FILE_ONLY___  
2025-10-02 13:35:22,072 INFO     ___FILE_ONLY___ │ 
2025-10-02 13:35:22,072 INFO     ___FILE_ONLY___  < 1 MiB
2025-10-02 13:35:22,072 INFO     ___FILE_ONLY___  
2025-10-02 13:35:22,072 INFO     ___FILE_ONLY___ │
2025-10-02 13:35:22,072 INFO     ___FILE_ONLY___ 

2025-10-02 13:35:22,072 INFO     ___FILE_ONLY___ │ 
2025-10-02 13:35:22,072 INFO     ___FILE_ONLY___ Google Cloud CRC32C Hash Tool (Platform Specific)  
2025-10-02 13:35:22,072 INFO     ___FILE_ONLY___  
2025-10-02 13:35:22,072 INFO     ___FILE_ONLY___ │ 
2025-10-02 13:35:22,072 INFO     ___FILE_ONLY___      1.0.0
2025-10-02 13:35:22,072 INFO     ___FILE_ONLY___  
2025-10-02 13:35:22,072 INFO     ___FILE_ONLY___ │ 
2025-10-02 13:35:22,072 INFO     ___FILE_ONLY___  1.5 MiB
2025-10-02 13:35:22,072 INFO     ___FILE_ONLY___  
2025-10-02 13:35:22,072 INFO     ___FILE_ONLY___ │
2025-10-02 13:35:22,072 INFO     ___FILE_ONLY___ 

2025-10-02 13:35:22,072 INFO     ___FILE_ONLY___ │ 
2025-10-02 13:35:22,073 INFO     ___FILE_ONLY___ gcloud cli dependencies (Platform Specific)        
2025-10-02 13:35:22,073 INFO     ___FILE_ONLY___  
2025-10-02 13:35:22,073 INFO     ___FILE_ONLY___ │ 
2025-10-02 13:35:22,073 INFO     ___FILE_ONLY___ 2021.04.16
2025-10-02 13:35:22,073 INFO     ___FILE_ONLY___  
2025-10-02 13:35:22,073 INFO     ___FILE_ONLY___ │ 
2025-10-02 13:35:22,073 INFO     ___FILE_ONLY___  < 1 MiB
2025-10-02 13:35:22,073 INFO     ___FILE_ONLY___  
2025-10-02 13:35:22,073 INFO     ___FILE_ONLY___ │
2025-10-02 13:35:22,073 INFO     ___FILE_ONLY___ 

2025-10-02 13:35:22,073 INFO     ___FILE_ONLY___ └─────────────────────────────────────────────────────┴────────────┴──────────┘
2025-10-02 13:35:22,073 INFO     ___FILE_ONLY___ 

2025-10-02 13:35:22,073 INFO     ___FILE_ONLY___ 

2025-10-02 13:35:22,076 DEBUG    urllib3.connectionpool Starting new HTTPS connection (1): dl.google.com:443
2025-10-02 13:35:22,432 DEBUG    urllib3.connectionpool https://dl.google.com:443 "GET /dl/cloudsdk/channels/rapid/RELEASE_NOTES HTTP/11" 200 1492432
2025-10-02 13:35:23,896 INFO     ___FILE_ONLY___ For the latest full release notes, please visit:
  https://cloud.google.com/sdk/release_notes


2025-10-02 13:35:23,896 INFO     ___FILE_ONLY___ Performing in place update...


2025-10-02 13:35:23,898 INFO     ___FILE_ONLY___ ╔════════════════════════════════════════════════════════════╗

2025-10-02 13:35:23,898 INFO     ___FILE_ONLY___ ╠═ Downloading: BigQuery Command Line Tool                  ═╣

2025-10-02 13:35:23,898 INFO     ___FILE_ONLY___ ╚
2025-10-02 13:35:23,901 DEBUG    urllib3.connectionpool Starting new HTTPS connection (1): dl.google.com:443
2025-10-02 13:35:24,929 DEBUG    urllib3.connectionpool https://dl.google.com:443 "GET /dl/cloudsdk/channels/rapid/components/google-cloud-sdk-bq-20250929142209.tar.gz HTTP/11" 200 1861858
2025-10-02 13:35:25,952 INFO     ___FILE_ONLY___ ═
2025-10-02 13:35:25,952 INFO     ___FILE_ONLY___ ═
2025-10-02 13:35:25,952 INFO     ___FILE_ONLY___ ═
2025-10-02 13:35:25,952 INFO     ___FILE_ONLY___ ═
2025-10-02 13:35:25,952 INFO     ___FILE_ONLY___ ═
2025-10-02 13:35:25,952 INFO     ___FILE_ONLY___ ═
2025-10-02 13:35:25,952 INFO     ___FILE_ONLY___ ═
2025-10-02 13:35:25,953 INFO     ___FILE_ONLY___ ═
2025-10-02 13:35:25,953 INFO     ___FILE_ONLY___ ═
2025-10-02 13:35:25,953 INFO     ___FILE_ONLY___ ═
2025-10-02 13:35:25,953 INFO     ___FILE_ONLY___ ═
2025-10-02 13:35:25,953 INFO     ___FILE_ONLY___ ═
2025-10-02 13:35:25,953 INFO     ___FILE_ONLY___ ═
2025-10-02 13:35:25,953 INFO     ___FILE_ONLY___ ═
2025-10-02 13:35:25,954 INFO     ___FILE_ONLY___ ═
2025-10-02 13:35:25,954 INFO     ___FILE_ONLY___ ═
2025-10-02 13:35:25,954 INFO     ___FILE_ONLY___ ═
2025-10-02 13:35:25,954 INFO     ___FILE_ONLY___ ═
2025-10-02 13:35:25,954 INFO     ___FILE_ONLY___ ═
2025-10-02 13:35:25,954 INFO     ___FILE_ONLY___ ═
2025-10-02 13:35:25,954 INFO     ___FILE_ONLY___ ═
2025-10-02 13:35:25,954 INFO     ___FILE_ONLY___ ═
2025-10-02 13:35:25,955 INFO     ___FILE_ONLY___ ═
2025-10-02 13:35:25,955 INFO     ___FILE_ONLY___ ═
2025-10-02 13:35:25,955 INFO     ___FILE_ONLY___ ═
2025-10-02 13:35:25,955 INFO     ___FILE_ONLY___ ═
2025-10-02 13:35:25,955 INFO     ___FILE_ONLY___ ═
2025-10-02 13:35:25,955 INFO     ___FILE_ONLY___ ═
2025-10-02 13:35:25,956 INFO     ___FILE_ONLY___ ═
2025-10-02 13:35:25,956 INFO     ___FILE_ONLY___ ═
2025-10-02 13:35:25,956 INFO     ___FILE_ONLY___ ═
2025-10-02 13:35:25,956 INFO     ___FILE_ONLY___ ═
2025-10-02 13:35:25,956 INFO     ___FILE_ONLY___ ═
2025-10-02 13:35:25,956 INFO     ___FILE_ONLY___ ═
2025-10-02 13:35:25,956 INFO     ___FILE_ONLY___ ═
2025-10-02 13:35:25,957 INFO     ___FILE_ONLY___ ═
2025-10-02 13:35:25,957 INFO     ___FILE_ONLY___ ═
2025-10-02 13:35:25,957 INFO     ___FILE_ONLY___ ═
2025-10-02 13:35:25,957 INFO     ___FILE_ONLY___ ═
2025-10-02 13:35:25,957 INFO     ___FILE_ONLY___ ═
2025-10-02 13:35:25,957 INFO     ___FILE_ONLY___ ═
2025-10-02 13:35:25,957 INFO     ___FILE_ONLY___ ═
2025-10-02 13:35:25,958 INFO     ___FILE_ONLY___ ═
2025-10-02 13:35:25,958 INFO     ___FILE_ONLY___ ═
2025-10-02 13:35:25,958 INFO     ___FILE_ONLY___ ═
2025-10-02 13:35:25,958 INFO     ___FILE_ONLY___ ═
2025-10-02 13:35:25,958 INFO     ___FILE_ONLY___ ═
2025-10-02 13:35:25,958 INFO     ___FILE_ONLY___ ═
2025-10-02 13:35:25,958 INFO     ___FILE_ONLY___ ═
2025-10-02 13:35:25,958 INFO     ___FILE_ONLY___ ═
2025-10-02 13:35:25,959 INFO     ___FILE_ONLY___ ═
2025-10-02 13:35:25,959 INFO     ___FILE_ONLY___ ═
2025-10-02 13:35:25,959 INFO     ___FILE_ONLY___ ═
2025-10-02 13:35:25,959 INFO     ___FILE_ONLY___ ═
2025-10-02 13:35:25,959 INFO     ___FILE_ONLY___ ═
2025-10-02 13:35:25,959 INFO     ___FILE_ONLY___ ═
2025-10-02 13:35:25,959 INFO     ___FILE_ONLY___ ═
2025-10-02 13:35:25,960 INFO     ___FILE_ONLY___ ═
2025-10-02 13:35:25,960 INFO     ___FILE_ONLY___ ═
2025-10-02 13:35:25,960 INFO     ___FILE_ONLY___ ═
2025-10-02 13:35:25,960 INFO     ___FILE_ONLY___ ╝

2025-10-02 13:35:25,962 INFO     ___FILE_ONLY___ ╔════════════════════════════════════════════════════════════╗

2025-10-02 13:35:25,962 INFO     ___FILE_ONLY___ ╠═ Downloading: BigQuery Command Line Tool (Platform Spe... ═╣

2025-10-02 13:35:25,962 INFO     ___FILE_ONLY___ ╚
2025-10-02 13:35:25,965 DEBUG    urllib3.connectionpool Starting new HTTPS connection (1): dl.google.com:443
2025-10-02 13:35:27,029 DEBUG    urllib3.connectionpool https://dl.google.com:443 "GET /dl/cloudsdk/channels/rapid/components/google-cloud-sdk-bq-nix-20250523104322.tar.gz HTTP/11" 200 1935
2025-10-02 13:35:27,030 INFO     ___FILE_ONLY___ ════════════════════════════════════════════════════════════
2025-10-02 13:35:27,030 INFO     ___FILE_ONLY___ ╝

2025-10-02 13:35:27,032 INFO     ___FILE_ONLY___ ╔════════════════════════════════════════════════════════════╗

2025-10-02 13:35:27,032 INFO     ___FILE_ONLY___ ╠═ Downloading: Bundled Python 3.12                         ═╣

2025-10-02 13:35:27,032 INFO     ___FILE_ONLY___ ╚
2025-10-02 13:35:27,032 INFO     ___FILE_ONLY___ ════════════════════════════════════════════════════════════
2025-10-02 13:35:27,032 INFO     ___FILE_ONLY___ ╝

2025-10-02 13:35:27,034 INFO     ___FILE_ONLY___ ╔════════════════════════════════════════════════════════════╗

2025-10-02 13:35:27,034 INFO     ___FILE_ONLY___ ╠═ Downloading: Bundled Python 3.12 (Platform Specific)     ═╣

2025-10-02 13:35:27,034 INFO     ___FILE_ONLY___ ╚
2025-10-02 13:35:27,037 DEBUG    urllib3.connectionpool Starting new HTTPS connection (1): dl.google.com:443
2025-10-02 13:35:28,116 DEBUG    urllib3.connectionpool https://dl.google.com:443 "GET /dl/cloudsdk/channels/rapid/components/google-cloud-sdk-bundled-python3-unix-linux-x86_64-20250502143716.tar.gz HTTP/11" 200 93610468
2025-10-02 13:35:34,319 INFO     ___FILE_ONLY___ ═
2025-10-02 13:35:34,321 INFO     ___FILE_ONLY___ ═
2025-10-02 13:35:34,323 INFO     ___FILE_ONLY___ ═
2025-10-02 13:35:34,325 INFO     ___FILE_ONLY___ ═
2025-10-02 13:35:34,327 INFO     ___FILE_ONLY___ ═
2025-10-02 13:35:34,329 INFO     ___FILE_ONLY___ ═
2025-10-02 13:35:34,330 INFO     ___FILE_ONLY___ ═
2025-10-02 13:35:34,332 INFO     ___FILE_ONLY___ ═
2025-10-02 13:35:34,334 INFO     ___FILE_ONLY___ ═
2025-10-02 13:35:34,336 INFO     ___FILE_ONLY___ ═
2025-10-02 13:35:34,338 INFO     ___FILE_ONLY___ ═
2025-10-02 13:35:34,340 INFO     ___FILE_ONLY___ ═
2025-10-02 13:35:34,342 INFO     ___FILE_ONLY___ ═
2025-10-02 13:35:34,343 INFO     ___FILE_ONLY___ ═
2025-10-02 13:35:34,345 INFO     ___FILE_ONLY___ ═
2025-10-02 13:35:34,347 INFO     ___FILE_ONLY___ ═
2025-10-02 13:35:34,349 INFO     ___FILE_ONLY___ ═
2025-10-02 13:35:34,351 INFO     ___FILE_ONLY___ ═
2025-10-02 13:35:34,353 INFO     ___FILE_ONLY___ ═
2025-10-02 13:35:34,355 INFO     ___FILE_ONLY___ ═
2025-10-02 13:35:34,357 INFO     ___FILE_ONLY___ ═
2025-10-02 13:35:34,358 INFO     ___FILE_ONLY___ ═
2025-10-02 13:35:34,360 INFO     ___FILE_ONLY___ ═
2025-10-02 13:35:34,362 INFO     ___FILE_ONLY___ ═
2025-10-02 13:35:34,364 INFO     ___FILE_ONLY___ ═
2025-10-02 13:35:34,366 INFO     ___FILE_ONLY___ ═
2025-10-02 13:35:34,368 INFO     ___FILE_ONLY___ ═
2025-10-02 13:35:34,370 INFO     ___FILE_ONLY___ ═
2025-10-02 13:35:34,371 INFO     ___FILE_ONLY___ ═
2025-10-02 13:35:34,373 INFO     ___FILE_ONLY___ ═
2025-10-02 13:35:34,375 INFO     ___FILE_ONLY___ ═
2025-10-02 13:35:34,377 INFO     ___FILE_ONLY___ ═
2025-10-02 13:35:34,379 INFO     ___FILE_ONLY___ ═
2025-10-02 13:35:34,381 INFO     ___FILE_ONLY___ ═
2025-10-02 13:35:34,383 INFO     ___FILE_ONLY___ ═
2025-10-02 13:35:34,384 INFO     ___FILE_ONLY___ ═
2025-10-02 13:35:34,386 INFO     ___FILE_ONLY___ ═
2025-10-02 13:35:34,388 INFO     ___FILE_ONLY___ ═
2025-10-02 13:35:34,390 INFO     ___FILE_ONLY___ ═
2025-10-02 13:35:34,392 INFO     ___FILE_ONLY___ ═
2025-10-02 13:35:34,394 INFO     ___FILE_ONLY___ ═
2025-10-02 13:35:34,396 INFO     ___FILE_ONLY___ ═
2025-10-02 13:35:34,398 INFO     ___FILE_ONLY___ ═
2025-10-02 13:35:34,399 INFO     ___FILE_ONLY___ ═
2025-10-02 13:35:34,401 INFO     ___FILE_ONLY___ ═
2025-10-02 13:35:34,403 INFO     ___FILE_ONLY___ ═
2025-10-02 13:35:34,405 INFO     ___FILE_ONLY___ ═
2025-10-02 13:35:34,407 INFO     ___FILE_ONLY___ ═
2025-10-02 13:35:34,409 INFO     ___FILE_ONLY___ ═
2025-10-02 13:35:34,411 INFO     ___FILE_ONLY___ ═
2025-10-02 13:35:34,412 INFO     ___FILE_ONLY___ ═
2025-10-02 13:35:34,414 INFO     ___FILE_ONLY___ ═
2025-10-02 13:35:34,416 INFO     ___FILE_ONLY___ ═
2025-10-02 13:35:34,418 INFO     ___FILE_ONLY___ ═
2025-10-02 13:35:34,420 INFO     ___FILE_ONLY___ ═
2025-10-02 13:35:34,422 INFO     ___FILE_ONLY___ ═
2025-10-02 13:35:34,423 INFO     ___FILE_ONLY___ ═
2025-10-02 13:35:34,425 INFO     ___FILE_ONLY___ ═
2025-10-02 13:35:34,427 INFO     ___FILE_ONLY___ ═
2025-10-02 13:35:34,429 INFO     ___FILE_ONLY___ ═
2025-10-02 13:35:34,429 INFO     ___FILE_ONLY___ ╝

2025-10-02 13:35:34,432 INFO     ___FILE_ONLY___ ╔════════════════════════════════════════════════════════════╗

2025-10-02 13:35:34,432 INFO     ___FILE_ONLY___ ╠═ Downloading: Cloud Storage Command Line Tool             ═╣

2025-10-02 13:35:34,432 INFO     ___FILE_ONLY___ ╚
2025-10-02 13:35:34,435 DEBUG    urllib3.connectionpool Starting new HTTPS connection (1): dl.google.com:443
2025-10-02 13:35:35,506 DEBUG    urllib3.connectionpool https://dl.google.com:443 "GET /dl/cloudsdk/channels/rapid/components/google-cloud-sdk-gsutil-20250627154417.tar.gz HTTP/11" 200 12962791
2025-10-02 13:35:37,194 INFO     ___FILE_ONLY___ ═
2025-10-02 13:35:37,195 INFO     ___FILE_ONLY___ ═
2025-10-02 13:35:37,195 INFO     ___FILE_ONLY___ ═
2025-10-02 13:35:37,196 INFO     ___FILE_ONLY___ ═
2025-10-02 13:35:37,196 INFO     ___FILE_ONLY___ ═
2025-10-02 13:35:37,196 INFO     ___FILE_ONLY___ ═
2025-10-02 13:35:37,197 INFO     ___FILE_ONLY___ ═
2025-10-02 13:35:37,197 INFO     ___FILE_ONLY___ ═
2025-10-02 13:35:37,197 INFO     ___FILE_ONLY___ ═
2025-10-02 13:35:37,197 INFO     ___FILE_ONLY___ ═
2025-10-02 13:35:37,198 INFO     ___FILE_ONLY___ ═
2025-10-02 13:35:37,198 INFO     ___FILE_ONLY___ ═
2025-10-02 13:35:37,198 INFO     ___FILE_ONLY___ ═
2025-10-02 13:35:37,199 INFO     ___FILE_ONLY___ ═
2025-10-02 13:35:37,199 INFO     ___FILE_ONLY___ ═
2025-10-02 13:35:37,200 INFO     ___FILE_ONLY___ ═
2025-10-02 13:35:37,200 INFO     ___FILE_ONLY___ ═
2025-10-02 13:35:37,200 INFO     ___FILE_ONLY___ ═
2025-10-02 13:35:37,201 INFO     ___FILE_ONLY___ ═
2025-10-02 13:35:37,201 INFO     ___FILE_ONLY___ ═
2025-10-02 13:35:37,201 INFO     ___FILE_ONLY___ ═
2025-10-02 13:35:37,202 INFO     ___FILE_ONLY___ ═
2025-10-02 13:35:37,202 INFO     ___FILE_ONLY___ ═
2025-10-02 13:35:37,202 INFO     ___FILE_ONLY___ ═
2025-10-02 13:35:37,203 INFO     ___FILE_ONLY___ ═
2025-10-02 13:35:37,203 INFO     ___FILE_ONLY___ ═
2025-10-02 13:35:37,203 INFO     ___FILE_ONLY___ ═
2025-10-02 13:35:37,204 INFO     ___FILE_ONLY___ ═
2025-10-02 13:35:37,204 INFO     ___FILE_ONLY___ ═
2025-10-02 13:35:37,204 INFO     ___FILE_ONLY___ ═
2025-10-02 13:35:37,204 INFO     ___FILE_ONLY___ ═
2025-10-02 13:35:37,205 INFO     ___FILE_ONLY___ ═
2025-10-02 13:35:37,205 INFO     ___FILE_ONLY___ ═
2025-10-02 13:35:37,205 INFO     ___FILE_ONLY___ ═
2025-10-02 13:35:37,206 INFO     ___FILE_ONLY___ ═
2025-10-02 13:35:37,206 INFO     ___FILE_ONLY___ ═
2025-10-02 13:35:37,206 INFO     ___FILE_ONLY___ ═
2025-10-02 13:35:37,207 INFO     ___FILE_ONLY___ ═
2025-10-02 13:35:37,207 INFO     ___FILE_ONLY___ ═
2025-10-02 13:35:37,207 INFO     ___FILE_ONLY___ ═
2025-10-02 13:35:37,208 INFO     ___FILE_ONLY___ ═
2025-10-02 13:35:37,208 INFO     ___FILE_ONLY___ ═
2025-10-02 13:35:37,208 INFO     ___FILE_ONLY___ ═
2025-10-02 13:35:37,209 INFO     ___FILE_ONLY___ ═
2025-10-02 13:35:37,209 INFO     ___FILE_ONLY___ ═
2025-10-02 13:35:37,209 INFO     ___FILE_ONLY___ ═
2025-10-02 13:35:37,210 INFO     ___FILE_ONLY___ ═
2025-10-02 13:35:37,210 INFO     ___FILE_ONLY___ ═
2025-10-02 13:35:37,210 INFO     ___FILE_ONLY___ ═
2025-10-02 13:35:37,211 INFO     ___FILE_ONLY___ ═
2025-10-02 13:35:37,211 INFO     ___FILE_ONLY___ ═
2025-10-02 13:35:37,211 INFO     ___FILE_ONLY___ ═
2025-10-02 13:35:37,212 INFO     ___FILE_ONLY___ ═
2025-10-02 13:35:37,212 INFO     ___FILE_ONLY___ ═
2025-10-02 13:35:37,212 INFO     ___FILE_ONLY___ ═
2025-10-02 13:35:37,213 INFO     ___FILE_ONLY___ ═
2025-10-02 13:35:37,213 INFO     ___FILE_ONLY___ ═
2025-10-02 13:35:37,213 INFO     ___FILE_ONLY___ ═
2025-10-02 13:35:37,213 INFO     ___FILE_ONLY___ ═
2025-10-02 13:35:37,214 INFO     ___FILE_ONLY___ ═
2025-10-02 13:35:37,214 INFO     ___FILE_ONLY___ ╝

2025-10-02 13:35:37,216 INFO     ___FILE_ONLY___ ╔════════════════════════════════════════════════════════════╗

2025-10-02 13:35:37,216 INFO     ___FILE_ONLY___ ╠═ Downloading: Cloud Storage Command Line Tool (Platfor... ═╣

2025-10-02 13:35:37,216 INFO     ___FILE_ONLY___ ╚
2025-10-02 13:35:37,219 DEBUG    urllib3.connectionpool Starting new HTTPS connection (1): dl.google.com:443
2025-10-02 13:35:38,241 DEBUG    urllib3.connectionpool https://dl.google.com:443 "GET /dl/cloudsdk/channels/rapid/components/google-cloud-sdk-gsutil-nix-20250523104322.tar.gz HTTP/11" 200 1950
2025-10-02 13:35:38,242 INFO     ___FILE_ONLY___ ════════════════════════════════════════════════════════════
2025-10-02 13:35:38,242 INFO     ___FILE_ONLY___ ╝

2025-10-02 13:35:38,244 INFO     ___FILE_ONLY___ ╔════════════════════════════════════════════════════════════╗

2025-10-02 13:35:38,244 INFO     ___FILE_ONLY___ ╠═ Downloading: Default set of gcloud commands              ═╣

2025-10-02 13:35:38,244 INFO     ___FILE_ONLY___ ╚
2025-10-02 13:35:38,245 INFO     ___FILE_ONLY___ ════════════════════════════════════════════════════════════
2025-10-02 13:35:38,245 INFO     ___FILE_ONLY___ ╝

2025-10-02 13:35:38,246 INFO     ___FILE_ONLY___ ╔════════════════════════════════════════════════════════════╗

2025-10-02 13:35:38,247 INFO     ___FILE_ONLY___ ╠═ Downloading: Google Cloud CLI Core Libraries (Platfor... ═╣

2025-10-02 13:35:38,247 INFO     ___FILE_ONLY___ ╚
2025-10-02 13:35:38,249 DEBUG    urllib3.connectionpool Starting new HTTPS connection (1): dl.google.com:443
2025-10-02 13:35:38,429 DEBUG    urllib3.connectionpool https://dl.google.com:443 "GET /dl/cloudsdk/channels/rapid/components/google-cloud-sdk-core-nix-20250523104322.tar.gz HTTP/11" 200 2325
2025-10-02 13:35:38,430 INFO     ___FILE_ONLY___ ════════════════════════════════════════════════════════════
2025-10-02 13:35:38,430 INFO     ___FILE_ONLY___ ╝

2025-10-02 13:35:38,432 INFO     ___FILE_ONLY___ ╔════════════════════════════════════════════════════════════╗

2025-10-02 13:35:38,432 INFO     ___FILE_ONLY___ ╠═ Downloading: Google Cloud CRC32C Hash Tool               ═╣

2025-10-02 13:35:38,432 INFO     ___FILE_ONLY___ ╚
2025-10-02 13:35:38,432 INFO     ___FILE_ONLY___ ════════════════════════════════════════════════════════════
2025-10-02 13:35:38,432 INFO     ___FILE_ONLY___ ╝

2025-10-02 13:35:38,434 INFO     ___FILE_ONLY___ ╔════════════════════════════════════════════════════════════╗

2025-10-02 13:35:38,434 INFO     ___FILE_ONLY___ ╠═ Downloading: Google Cloud CRC32C Hash Tool (Platform ... ═╣

2025-10-02 13:35:38,434 INFO     ___FILE_ONLY___ ╚
2025-10-02 13:35:38,437 DEBUG    urllib3.connectionpool Starting new HTTPS connection (1): dl.google.com:443
2025-10-02 13:35:39,493 DEBUG    urllib3.connectionpool https://dl.google.com:443 "GET /dl/cloudsdk/channels/rapid/components/google-cloud-sdk-gcloud-crc32c-linux-x86_64-20250613150750.tar.gz HTTP/11" 200 1525557
2025-10-02 13:35:40,462 INFO     ___FILE_ONLY___ ═
2025-10-02 13:35:40,462 INFO     ___FILE_ONLY___ ═
2025-10-02 13:35:40,463 INFO     ___FILE_ONLY___ ═
2025-10-02 13:35:40,463 INFO     ___FILE_ONLY___ ═
2025-10-02 13:35:40,463 INFO     ___FILE_ONLY___ ═
2025-10-02 13:35:40,463 INFO     ___FILE_ONLY___ ═
2025-10-02 13:35:40,463 INFO     ___FILE_ONLY___ ═
2025-10-02 13:35:40,463 INFO     ___FILE_ONLY___ ═
2025-10-02 13:35:40,464 INFO     ___FILE_ONLY___ ═
2025-10-02 13:35:40,464 INFO     ___FILE_ONLY___ ═
2025-10-02 13:35:40,464 INFO     ___FILE_ONLY___ ═
2025-10-02 13:35:40,464 INFO     ___FILE_ONLY___ ═
2025-10-02 13:35:40,464 INFO     ___FILE_ONLY___ ═
2025-10-02 13:35:40,465 INFO     ___FILE_ONLY___ ═
2025-10-02 13:35:40,465 INFO     ___FILE_ONLY___ ═
2025-10-02 13:35:40,465 INFO     ___FILE_ONLY___ ═
2025-10-02 13:35:40,465 INFO     ___FILE_ONLY___ ═
2025-10-02 13:35:40,465 INFO     ___FILE_ONLY___ ═
2025-10-02 13:35:40,465 INFO     ___FILE_ONLY___ ═
2025-10-02 13:35:40,465 INFO     ___FILE_ONLY___ ═
2025-10-02 13:35:40,465 INFO     ___FILE_ONLY___ ═
2025-10-02 13:35:40,466 INFO     ___FILE_ONLY___ ═
2025-10-02 13:35:40,466 INFO     ___FILE_ONLY___ ═
2025-10-02 13:35:40,466 INFO     ___FILE_ONLY___ ═
2025-10-02 13:35:40,466 INFO     ___FILE_ONLY___ ═
2025-10-02 13:35:40,466 INFO     ___FILE_ONLY___ ═
2025-10-02 13:35:40,466 INFO     ___FILE_ONLY___ ═
2025-10-02 13:35:40,466 INFO     ___FILE_ONLY___ ═
2025-10-02 13:35:40,466 INFO     ___FILE_ONLY___ ═
2025-10-02 13:35:40,467 INFO     ___FILE_ONLY___ ═
2025-10-02 13:35:40,467 INFO     ___FILE_ONLY___ ═
2025-10-02 13:35:40,467 INFO     ___FILE_ONLY___ ═
2025-10-02 13:35:40,467 INFO     ___FILE_ONLY___ ═
2025-10-02 13:35:40,467 INFO     ___FILE_ONLY___ ═
2025-10-02 13:35:40,467 INFO     ___FILE_ONLY___ ═
2025-10-02 13:35:40,467 INFO     ___FILE_ONLY___ ═
2025-10-02 13:35:40,467 INFO     ___FILE_ONLY___ ═
2025-10-02 13:35:40,468 INFO     ___FILE_ONLY___ ═
2025-10-02 13:35:40,468 INFO     ___FILE_ONLY___ ═
2025-10-02 13:35:40,468 INFO     ___FILE_ONLY___ ═
2025-10-02 13:35:40,468 INFO     ___FILE_ONLY___ ═
2025-10-02 13:35:40,468 INFO     ___FILE_ONLY___ ═
2025-10-02 13:35:40,468 INFO     ___FILE_ONLY___ ═
2025-10-02 13:35:40,468 INFO     ___FILE_ONLY___ ═
2025-10-02 13:35:40,468 INFO     ___FILE_ONLY___ ═
2025-10-02 13:35:40,469 INFO     ___FILE_ONLY___ ═
2025-10-02 13:35:40,469 INFO     ___FILE_ONLY___ ═
2025-10-02 13:35:40,469 INFO     ___FILE_ONLY___ ═
2025-10-02 13:35:40,469 INFO     ___FILE_ONLY___ ═
2025-10-02 13:35:40,469 INFO     ___FILE_ONLY___ ═
2025-10-02 13:35:40,469 INFO     ___FILE_ONLY___ ═
2025-10-02 13:35:40,469 INFO     ___FILE_ONLY___ ═
2025-10-02 13:35:40,469 INFO     ___FILE_ONLY___ ═
2025-10-02 13:35:40,469 INFO     ___FILE_ONLY___ ═
2025-10-02 13:35:40,470 INFO     ___FILE_ONLY___ ═
2025-10-02 13:35:40,470 INFO     ___FILE_ONLY___ ═
2025-10-02 13:35:40,470 INFO     ___FILE_ONLY___ ═
2025-10-02 13:35:40,470 INFO     ___FILE_ONLY___ ═
2025-10-02 13:35:40,470 INFO     ___FILE_ONLY___ ═
2025-10-02 13:35:40,470 INFO     ___FILE_ONLY___ ═
2025-10-02 13:35:40,470 INFO     ___FILE_ONLY___ ╝

2025-10-02 13:35:40,472 INFO     ___FILE_ONLY___ ╔════════════════════════════════════════════════════════════╗

2025-10-02 13:35:40,472 INFO     ___FILE_ONLY___ ╠═ Downloading: gcloud cli dependencies (Platform Specific) ═╣

2025-10-02 13:35:40,472 INFO     ___FILE_ONLY___ ╚
2025-10-02 13:35:40,475 DEBUG    urllib3.connectionpool Starting new HTTPS connection (1): dl.google.com:443
2025-10-02 13:35:41,536 DEBUG    urllib3.connectionpool https://dl.google.com:443 "GET /dl/cloudsdk/channels/rapid/components/google-cloud-sdk-gcloud-deps-linux-x86_64-20210416153011.tar.gz HTTP/11" 200 104
2025-10-02 13:35:41,536 INFO     ___FILE_ONLY___ ════════════════════════════════════════════════════════════
2025-10-02 13:35:41,536 INFO     ___FILE_ONLY___ ╝

2025-10-02 13:35:41,538 INFO     ___FILE_ONLY___ ╔════════════════════════════════════════════════════════════╗

2025-10-02 13:35:41,539 INFO     ___FILE_ONLY___ ╠═ Installing: BigQuery Command Line Tool                   ═╣

2025-10-02 13:35:41,539 INFO     ___FILE_ONLY___ ╚
2025-10-02 13:35:41,629 INFO     ___FILE_ONLY___ ═
2025-10-02 13:35:41,632 INFO     ___FILE_ONLY___ ═
2025-10-02 13:35:41,634 INFO     ___FILE_ONLY___ ═
2025-10-02 13:35:41,637 INFO     ___FILE_ONLY___ ═
2025-10-02 13:35:41,639 INFO     ___FILE_ONLY___ ═
2025-10-02 13:35:41,642 INFO     ___FILE_ONLY___ ═
2025-10-02 13:35:41,645 INFO     ___FILE_ONLY___ ═
2025-10-02 13:35:41,647 INFO     ___FILE_ONLY___ ═
2025-10-02 13:35:41,649 INFO     ___FILE_ONLY___ ═
2025-10-02 13:35:41,651 INFO     ___FILE_ONLY___ ═
2025-10-02 13:35:41,654 INFO     ___FILE_ONLY___ ═
2025-10-02 13:35:41,656 INFO     ___FILE_ONLY___ ═
2025-10-02 13:35:41,658 INFO     ___FILE_ONLY___ ═
2025-10-02 13:35:41,661 INFO     ___FILE_ONLY___ ═
2025-10-02 13:35:41,662 INFO     ___FILE_ONLY___ ═
2025-10-02 13:35:41,665 INFO     ___FILE_ONLY___ ═
2025-10-02 13:35:41,668 INFO     ___FILE_ONLY___ ═
2025-10-02 13:35:41,670 INFO     ___FILE_ONLY___ ═
2025-10-02 13:35:41,672 INFO     ___FILE_ONLY___ ═
2025-10-02 13:35:41,675 INFO     ___FILE_ONLY___ ═
2025-10-02 13:35:41,678 INFO     ___FILE_ONLY___ ═
2025-10-02 13:35:41,680 INFO     ___FILE_ONLY___ ═
2025-10-02 13:35:41,683 INFO     ___FILE_ONLY___ ═
2025-10-02 13:35:41,685 INFO     ___FILE_ONLY___ ═
2025-10-02 13:35:41,686 INFO     ___FILE_ONLY___ ═
2025-10-02 13:35:41,689 INFO     ___FILE_ONLY___ ═
2025-10-02 13:35:41,691 INFO     ___FILE_ONLY___ ═
2025-10-02 13:35:41,693 INFO     ___FILE_ONLY___ ═
2025-10-02 13:35:41,695 INFO     ___FILE_ONLY___ ═
2025-10-02 13:35:41,699 INFO     ___FILE_ONLY___ ═
2025-10-02 13:35:41,701 INFO     ___FILE_ONLY___ ═
2025-10-02 13:35:41,703 INFO     ___FILE_ONLY___ ═
2025-10-02 13:35:41,705 INFO     ___FILE_ONLY___ ═
2025-10-02 13:35:41,708 INFO     ___FILE_ONLY___ ═
2025-10-02 13:35:41,711 INFO     ___FILE_ONLY___ ═
2025-10-02 13:35:41,718 INFO     ___FILE_ONLY___ ═
2025-10-02 13:35:41,723 INFO     ___FILE_ONLY___ ═
2025-10-02 13:35:41,727 INFO     ___FILE_ONLY___ ═
2025-10-02 13:35:41,730 INFO     ___FILE_ONLY___ ═
2025-10-02 13:35:41,732 INFO     ___FILE_ONLY___ ═
2025-10-02 13:35:41,734 INFO     ___FILE_ONLY___ ═
2025-10-02 13:35:41,736 INFO     ___FILE_ONLY___ ═
2025-10-02 13:35:41,740 INFO     ___FILE_ONLY___ ═
2025-10-02 13:35:41,744 INFO     ___FILE_ONLY___ ═
2025-10-02 13:35:41,746 INFO     ___FILE_ONLY___ ═
2025-10-02 13:35:41,748 INFO     ___FILE_ONLY___ ═
2025-10-02 13:35:41,750 INFO     ___FILE_ONLY___ ═
2025-10-02 13:35:41,753 INFO     ___FILE_ONLY___ ═
2025-10-02 13:35:41,755 INFO     ___FILE_ONLY___ ═
2025-10-02 13:35:41,757 INFO     ___FILE_ONLY___ ═
2025-10-02 13:35:41,759 INFO     ___FILE_ONLY___ ═
2025-10-02 13:35:41,762 INFO     ___FILE_ONLY___ ═
2025-10-02 13:35:41,764 INFO     ___FILE_ONLY___ ═
2025-10-02 13:35:41,766 INFO     ___FILE_ONLY___ ═
2025-10-02 13:35:41,768 INFO     ___FILE_ONLY___ ═
2025-10-02 13:35:41,770 INFO     ___FILE_ONLY___ ═
2025-10-02 13:35:41,773 INFO     ___FILE_ONLY___ ═
2025-10-02 13:35:41,775 INFO     ___FILE_ONLY___ ═
2025-10-02 13:35:41,776 INFO     ___FILE_ONLY___ ═
2025-10-02 13:35:41,779 INFO     ___FILE_ONLY___ ═
2025-10-02 13:35:41,779 INFO     ___FILE_ONLY___ ╝

2025-10-02 13:35:41,787 INFO     ___FILE_ONLY___ ╔════════════════════════════════════════════════════════════╗

2025-10-02 13:35:41,787 INFO     ___FILE_ONLY___ ╠═ Installing: BigQuery Command Line Tool (Platform Spec... ═╣

2025-10-02 13:35:41,787 INFO     ___FILE_ONLY___ ╚
2025-10-02 13:35:41,788 INFO     ___FILE_ONLY___ ════════════════════════════════════════════════════════════
2025-10-02 13:35:41,788 INFO     ___FILE_ONLY___ ╝

2025-10-02 13:35:41,792 INFO     ___FILE_ONLY___ ╔════════════════════════════════════════════════════════════╗

2025-10-02 13:35:41,792 INFO     ___FILE_ONLY___ ╠═ Installing: Bundled Python 3.12                          ═╣

2025-10-02 13:35:41,792 INFO     ___FILE_ONLY___ ╚
2025-10-02 13:35:41,795 INFO     ___FILE_ONLY___ ════════════════════════════════════════════════════════════
2025-10-02 13:35:41,795 INFO     ___FILE_ONLY___ ╝

2025-10-02 13:35:41,797 INFO     ___FILE_ONLY___ ╔════════════════════════════════════════════════════════════╗

2025-10-02 13:35:41,797 INFO     ___FILE_ONLY___ ╠═ Installing: Bundled Python 3.12 (Platform Specific)      ═╣

2025-10-02 13:35:41,797 INFO     ___FILE_ONLY___ ╚
2025-10-02 13:35:43,936 INFO     ___FILE_ONLY___ ═
2025-10-02 13:35:43,949 INFO     ___FILE_ONLY___ ═
2025-10-02 13:35:43,961 INFO     ___FILE_ONLY___ ═
2025-10-02 13:35:43,975 INFO     ___FILE_ONLY___ ═
2025-10-02 13:35:43,988 INFO     ___FILE_ONLY___ ═
2025-10-02 13:35:44,002 INFO     ___FILE_ONLY___ ═
2025-10-02 13:35:44,016 INFO     ___FILE_ONLY___ ═
2025-10-02 13:35:44,029 INFO     ___FILE_ONLY___ ═
2025-10-02 13:35:44,042 INFO     ___FILE_ONLY___ ═
2025-10-02 13:35:44,055 INFO     ___FILE_ONLY___ ═
2025-10-02 13:35:44,068 INFO     ___FILE_ONLY___ ═
2025-10-02 13:35:44,082 INFO     ___FILE_ONLY___ ═
2025-10-02 13:35:44,095 INFO     ___FILE_ONLY___ ═
2025-10-02 13:35:44,108 INFO     ___FILE_ONLY___ ═
2025-10-02 13:35:44,122 INFO     ___FILE_ONLY___ ═
2025-10-02 13:35:44,135 INFO     ___FILE_ONLY___ ═
2025-10-02 13:35:44,149 INFO     ___FILE_ONLY___ ═
2025-10-02 13:35:44,162 INFO     ___FILE_ONLY___ ═
2025-10-02 13:35:44,176 INFO     ___FILE_ONLY___ ═
2025-10-02 13:35:44,190 INFO     ___FILE_ONLY___ ═
2025-10-02 13:35:44,203 INFO     ___FILE_ONLY___ ═
2025-10-02 13:35:44,218 INFO     ___FILE_ONLY___ ═
2025-10-02 13:35:44,231 INFO     ___FILE_ONLY___ ═
2025-10-02 13:35:44,244 INFO     ___FILE_ONLY___ ═
2025-10-02 13:35:44,258 INFO     ___FILE_ONLY___ ═
2025-10-02 13:35:44,271 INFO     ___FILE_ONLY___ ═
2025-10-02 13:35:44,284 INFO     ___FILE_ONLY___ ═
2025-10-02 13:35:44,298 INFO     ___FILE_ONLY___ ═
2025-10-02 13:35:44,311 INFO     ___FILE_ONLY___ ═
2025-10-02 13:35:44,325 INFO     ___FILE_ONLY___ ═
2025-10-02 13:35:44,339 INFO     ___FILE_ONLY___ ═
2025-10-02 13:35:44,352 INFO     ___FILE_ONLY___ ═
2025-10-02 13:35:44,365 INFO     ___FILE_ONLY___ ═
2025-10-02 13:35:44,379 INFO     ___FILE_ONLY___ ═
2025-10-02 13:35:44,396 INFO     ___FILE_ONLY___ ═
2025-10-02 13:35:44,412 INFO     ___FILE_ONLY___ ═
2025-10-02 13:35:45,251 INFO     ___FILE_ONLY___ ═
2025-10-02 13:35:45,277 INFO     ___FILE_ONLY___ ═
2025-10-02 13:35:45,759 INFO     ___FILE_ONLY___ ═
2025-10-02 13:35:45,779 INFO     ___FILE_ONLY___ ═
2025-10-02 13:35:45,802 INFO     ___FILE_ONLY___ ═
2025-10-02 13:35:45,827 INFO     ___FILE_ONLY___ ═
2025-10-02 13:35:45,847 INFO     ___FILE_ONLY___ ═
2025-10-02 13:35:45,875 INFO     ___FILE_ONLY___ ═
2025-10-02 13:35:45,896 INFO     ___FILE_ONLY___ ═
2025-10-02 13:35:45,916 INFO     ___FILE_ONLY___ ═
2025-10-02 13:35:45,934 INFO     ___FILE_ONLY___ ═
2025-10-02 13:35:45,952 INFO     ___FILE_ONLY___ ═
2025-10-02 13:35:46,039 INFO     ___FILE_ONLY___ ═
2025-10-02 13:35:46,057 INFO     ___FILE_ONLY___ ═
2025-10-02 13:35:46,193 INFO     ___FILE_ONLY___ ═
2025-10-02 13:35:46,210 INFO     ___FILE_ONLY___ ═
2025-10-02 13:35:46,228 INFO     ___FILE_ONLY___ ═
2025-10-02 13:35:46,246 INFO     ___FILE_ONLY___ ═
2025-10-02 13:35:46,262 INFO     ___FILE_ONLY___ ═
2025-10-02 13:35:46,281 INFO     ___FILE_ONLY___ ═
2025-10-02 13:35:46,298 INFO     ___FILE_ONLY___ ═
2025-10-02 13:35:46,316 INFO     ___FILE_ONLY___ ═
2025-10-02 13:35:46,344 INFO     ___FILE_ONLY___ ═
2025-10-02 13:35:46,814 INFO     ___FILE_ONLY___ ═
2025-10-02 13:35:46,815 INFO     ___FILE_ONLY___ ╝

2025-10-02 13:35:46,869 INFO     ___FILE_ONLY___ ╔════════════════════════════════════════════════════════════╗

2025-10-02 13:35:46,869 INFO     ___FILE_ONLY___ ╠═ Installing: Cloud Storage Command Line Tool              ═╣

2025-10-02 13:35:46,869 INFO     ___FILE_ONLY___ ╚
2025-10-02 13:35:47,400 INFO     ___FILE_ONLY___ ═
2025-10-02 13:35:47,413 INFO     ___FILE_ONLY___ ═
2025-10-02 13:35:47,425 INFO     ___FILE_ONLY___ ═
2025-10-02 13:35:47,435 INFO     ___FILE_ONLY___ ═
2025-10-02 13:35:47,446 INFO     ___FILE_ONLY___ ═
2025-10-02 13:35:47,481 INFO     ___FILE_ONLY___ ═
2025-10-02 13:35:47,495 INFO     ___FILE_ONLY___ ═
2025-10-02 13:35:47,511 INFO     ___FILE_ONLY___ ═
2025-10-02 13:35:47,527 INFO     ___FILE_ONLY___ ═
2025-10-02 13:35:47,543 INFO     ___FILE_ONLY___ ═
2025-10-02 13:35:47,560 INFO     ___FILE_ONLY___ ═
2025-10-02 13:35:47,573 INFO     ___FILE_ONLY___ ═
2025-10-02 13:35:47,585 INFO     ___FILE_ONLY___ ═
2025-10-02 13:35:47,594 INFO     ___FILE_ONLY___ ═
2025-10-02 13:35:47,605 INFO     ___FILE_ONLY___ ═
2025-10-02 13:35:47,622 INFO     ___FILE_ONLY___ ═
2025-10-02 13:35:47,635 INFO     ___FILE_ONLY___ ═
2025-10-02 13:35:47,645 INFO     ___FILE_ONLY___ ═
2025-10-02 13:35:47,658 INFO     ___FILE_ONLY___ ═
2025-10-02 13:35:47,670 INFO     ___FILE_ONLY___ ═
2025-10-02 13:35:47,680 INFO     ___FILE_ONLY___ ═
2025-10-02 13:35:47,694 INFO     ___FILE_ONLY___ ═
2025-10-02 13:35:47,704 INFO     ___FILE_ONLY___ ═
2025-10-02 13:35:47,716 INFO     ___FILE_ONLY___ ═
2025-10-02 13:35:47,727 INFO     ___FILE_ONLY___ ═
2025-10-02 13:35:47,738 INFO     ___FILE_ONLY___ ═
2025-10-02 13:35:47,749 INFO     ___FILE_ONLY___ ═
2025-10-02 13:35:47,763 INFO     ___FILE_ONLY___ ═
2025-10-02 13:35:47,780 INFO     ___FILE_ONLY___ ═
2025-10-02 13:35:47,792 INFO     ___FILE_ONLY___ ═
2025-10-02 13:35:47,805 INFO     ___FILE_ONLY___ ═
2025-10-02 13:35:47,827 INFO     ___FILE_ONLY___ ═
2025-10-02 13:35:47,843 INFO     ___FILE_ONLY___ ═
2025-10-02 13:35:47,862 INFO     ___FILE_ONLY___ ═
2025-10-02 13:35:47,877 INFO     ___FILE_ONLY___ ═
2025-10-02 13:35:47,894 INFO     ___FILE_ONLY___ ═
2025-10-02 13:35:47,904 INFO     ___FILE_ONLY___ ═
2025-10-02 13:35:47,916 INFO     ___FILE_ONLY___ ═
2025-10-02 13:35:47,952 INFO     ___FILE_ONLY___ ═
2025-10-02 13:35:47,966 INFO     ___FILE_ONLY___ ═
2025-10-02 13:35:47,978 INFO     ___FILE_ONLY___ ═
2025-10-02 13:35:47,990 INFO     ___FILE_ONLY___ ═
2025-10-02 13:35:48,000 INFO     ___FILE_ONLY___ ═
2025-10-02 13:35:48,012 INFO     ___FILE_ONLY___ ═
2025-10-02 13:35:48,023 INFO     ___FILE_ONLY___ ═
2025-10-02 13:35:48,033 INFO     ___FILE_ONLY___ ═
2025-10-02 13:35:48,044 INFO     ___FILE_ONLY___ ═
2025-10-02 13:35:48,054 INFO     ___FILE_ONLY___ ═
2025-10-02 13:35:48,065 INFO     ___FILE_ONLY___ ═
2025-10-02 13:35:48,078 INFO     ___FILE_ONLY___ ═
2025-10-02 13:35:48,093 INFO     ___FILE_ONLY___ ═
2025-10-02 13:35:48,107 INFO     ___FILE_ONLY___ ═
2025-10-02 13:35:48,120 INFO     ___FILE_ONLY___ ═
2025-10-02 13:35:48,134 INFO     ___FILE_ONLY___ ═
2025-10-02 13:35:48,147 INFO     ___FILE_ONLY___ ═
2025-10-02 13:35:48,162 INFO     ___FILE_ONLY___ ═
2025-10-02 13:35:48,179 INFO     ___FILE_ONLY___ ═
2025-10-02 13:35:48,200 INFO     ___FILE_ONLY___ ═
2025-10-02 13:35:48,218 INFO     ___FILE_ONLY___ ═
2025-10-02 13:35:48,237 INFO     ___FILE_ONLY___ ═
2025-10-02 13:35:48,237 INFO     ___FILE_ONLY___ ╝

2025-10-02 13:35:48,268 INFO     ___FILE_ONLY___ ╔════════════════════════════════════════════════════════════╗

2025-10-02 13:35:48,268 INFO     ___FILE_ONLY___ ╠═ Installing: Cloud Storage Command Line Tool (Platform... ═╣

2025-10-02 13:35:48,268 INFO     ___FILE_ONLY___ ╚
2025-10-02 13:35:48,269 INFO     ___FILE_ONLY___ ════════════════════════════════════════════════════════════
2025-10-02 13:35:48,269 INFO     ___FILE_ONLY___ ╝

2025-10-02 13:35:48,273 INFO     ___FILE_ONLY___ ╔════════════════════════════════════════════════════════════╗

2025-10-02 13:35:48,274 INFO     ___FILE_ONLY___ ╠═ Installing: Default set of gcloud commands               ═╣

2025-10-02 13:35:48,274 INFO     ___FILE_ONLY___ ╚
2025-10-02 13:35:48,276 INFO     ___FILE_ONLY___ ════════════════════════════════════════════════════════════
2025-10-02 13:35:48,276 INFO     ___FILE_ONLY___ ╝

2025-10-02 13:35:48,278 INFO     ___FILE_ONLY___ ╔════════════════════════════════════════════════════════════╗

2025-10-02 13:35:48,278 INFO     ___FILE_ONLY___ ╠═ Installing: Google Cloud CLI Core Libraries (Platform... ═╣

2025-10-02 13:35:48,278 INFO     ___FILE_ONLY___ ╚
2025-10-02 13:35:48,279 INFO     ___FILE_ONLY___ ══════════════════════════════
2025-10-02 13:35:48,279 INFO     ___FILE_ONLY___ ══════════════════════════════
2025-10-02 13:35:48,279 INFO     ___FILE_ONLY___ ╝

2025-10-02 13:35:48,283 INFO     ___FILE_ONLY___ ╔════════════════════════════════════════════════════════════╗

2025-10-02 13:35:48,283 INFO     ___FILE_ONLY___ ╠═ Installing: Google Cloud CRC32C Hash Tool                ═╣

2025-10-02 13:35:48,283 INFO     ___FILE_ONLY___ ╚
2025-10-02 13:35:48,286 INFO     ___FILE_ONLY___ ════════════════════════════════════════════════════════════
2025-10-02 13:35:48,286 INFO     ___FILE_ONLY___ ╝

2025-10-02 13:35:48,287 INFO     ___FILE_ONLY___ ╔════════════════════════════════════════════════════════════╗

2025-10-02 13:35:48,287 INFO     ___FILE_ONLY___ ╠═ Installing: Google Cloud CRC32C Hash Tool (Platform S... ═╣

2025-10-02 13:35:48,287 INFO     ___FILE_ONLY___ ╚
2025-10-02 13:35:48,324 INFO     ___FILE_ONLY___ ══════════════════════════════
2025-10-02 13:35:48,325 INFO     ___FILE_ONLY___ ══════════════════════════════
2025-10-02 13:35:48,325 INFO     ___FILE_ONLY___ ╝

2025-10-02 13:35:48,330 INFO     ___FILE_ONLY___ ╔════════════════════════════════════════════════════════════╗

2025-10-02 13:35:48,330 INFO     ___FILE_ONLY___ ╠═ Installing: gcloud cli dependencies (Platform Specific)  ═╣

2025-10-02 13:35:48,330 INFO     ___FILE_ONLY___ ╚
2025-10-02 13:35:48,330 INFO     ___FILE_ONLY___ ════════════════════════════════════════════════════════════
2025-10-02 13:35:48,330 INFO     ___FILE_ONLY___ ╝

2025-10-02 13:35:48,335 DEBUG    root            Updating notification cache...
2025-10-02 13:35:48,335 INFO     ___FILE_ONLY___ 

2025-10-02 13:35:48,337 INFO     ___FILE_ONLY___ Performing post processing steps...
2025-10-02 13:35:48,338 DEBUG    root            Executing command: ['/tools/google-cloud-sdk/bin/gcloud', 'components', 'post-process']
2025-10-02 13:35:56,722 DEBUG    ___FILE_ONLY___ 
2025-10-02 13:35:56,722 DEBUG    ___FILE_ONLY___ 
2025-10-02 13:35:56,876 INFO     root            descriptor_list: [{'universeDomain': 'googleapis.com', 'universeShortName': '', 'authenticationDomain': 'auth.cloud.google.com', 'projectPrefix': '', 'cloudWebDomain': 'cloud.google.com', 'documentationDomain': 'cloud.google.com', 'version': '1.0.0', 'state': 'primary', 'artifactRegistryDomain': 'pkg.dev'}]
2025-10-02 13:35:56,877 INFO     ___FILE_ONLY___ 
Update done!


2025-10-02 13:35:56,880 DEBUG    root            Chosen display Format:none
2025-10-02 13:35:56,880 INFO     root            Display format: "none"
